[14:10:14] [main/INFO]: ModLauncher running: args [--username, DrKreijger, --version, forge-36.2.34, --gameDir, E:\Curse\Minecraft\Instances\Ragnamod VI (2) (2) (1) (3) (1), --assetsDir, E:\Curse\Minecraft\Install\assets, --assetIndex, 1.16, --uuid, 491ecb1cbb62436d9c07f3e49d174a66, --accessToken, ????????, --userType, msa, --versionType, release, --width, 1024, --height, 768, --launchTarget, fmlclient, --fml.forgeVersion, 36.2.34, --fml.mcVersion, 1.16.5, --fml.forgeGroup, net.minecraftforge, --fml.mcpVersion, 20210115.111550]
[14:10:14] [main/INFO]: ModLauncher 8.1.3+8.1.3+main-8.1.x.c94d18ec starting: java version 1.8.0_51 by Oracle Corporation
[14:10:14] [main/WARN]: LEGACY JDK DETECTED, SECURED JAR HANDLING DISABLED
[14:10:14] [main/INFO]: Added Lets Encrypt root certificates as additional trust
[14:10:14] [main/INFO]: SpongePowered MIXIN Subsystem Version=0.8.4 Source=file:/E:/Curse/Minecraft/Install/libraries/org/spongepowered/mixin/0.8.4/mixin-0.8.4.jar Service=ModLauncher Env=CLIENT
[14:10:17] [main/INFO]: [org.antlr.v4.runtime.ConsoleErrorListener:syntaxError:38]: line 13:0 token recognition error at: '`'
[14:10:17] [main/INFO]: [org.antlr.v4.runtime.ConsoleErrorListener:syntaxError:38]: line 1:0 token recognition error at: '/'
[14:10:17] [main/INFO]: [org.antlr.v4.runtime.ConsoleErrorListener:syntaxError:38]: line 1:1 token recognition error at: '/'
[14:10:17] [main/INFO]: [org.antlr.v4.runtime.ConsoleErrorListener:syntaxError:38]: line 1:0 token recognition error at: '~'
[14:10:19] [main/ERROR]: Mixin config moreoverlays.mixin.json does not specify "minVersion" property
[14:10:19] [main/INFO]: Successfully loaded Mixin Connector [shetiphian.core.mixins.MixinConnector]
[14:10:19] [main/INFO]: Successfully loaded Mixin Connector [vazkii.botania.common.MixinConnector]
[14:10:19] [main/INFO]: Successfully loaded Mixin Connector [ca.spottedleaf.starlight.mixin.MixinConnector]
[14:10:19] [main/INFO]: Successfully loaded Mixin Connector [com.leobeliik.extremesoundmuffler.MixinConnector]
[14:10:19] [main/INFO]: Successfully loaded Mixin Connector [hellfirepvp.astralsorcery.MixinConnector]
[14:10:19] [main/INFO]: Successfully loaded Mixin Connector [vazkii.patchouli.common.MixinConnector]
[14:10:19] [main/INFO]: Successfully loaded Mixin Connector [com.integral.enigmaticlegacy.MixinConnector]
[14:10:19] [main/INFO]: Successfully loaded Mixin Connector [eutros.framedcompactdrawers.MixinConnector]
[14:10:19] [main/INFO]: Launching target 'fmlclient' with arguments [--version, forge-36.2.34, --gameDir, E:\Curse\Minecraft\Instances\Ragnamod VI (2) (2) (1) (3) (1), --assetsDir, E:\Curse\Minecraft\Install\assets, --uuid, 491ecb1cbb62436d9c07f3e49d174a66, --username, DrKreijger, --assetIndex, 1.16, --accessToken, ????????, --userType, msa, --versionType, release, --width, 1024, --height, 768]
[14:10:19] [main/WARN]: Reference map 'miniutilities.refmap.json' for miniutilities.mixins.json could not be read. If this is a development environment you can ignore this message
[14:10:19] [main/WARN]: Reference map 'outer_end.refmap.json' for jellyfishing.mixins.json could not be read. If this is a development environment you can ignore this message
[14:10:19] [main/WARN]: Reference map 'lemonlib.refmap.json' for lemonlib.mixins.json could not be read. If this is a development environment you can ignore this message
[14:10:19] [main/INFO]: Loaded configuration file for Sodium: 90 options available, 1 override(s) found
[14:10:19] [main/WARN]: Reference map 'modid.refmap.json' for rsinfinitybooster.mixins.json could not be read. If this is a development environment you can ignore this message
[14:10:19] [main/WARN]: Reference map 'rhino-forge-refmap.json' for rhino.mixins.json could not be read. If this is a development environment you can ignore this message
[14:10:19] [main/WARN]: Reference map 'brazier-forge-refmap.json' for brazier-forge.mixins.json could not be read. If this is a development environment you can ignore this message
[14:10:19] [main/INFO]: Loaded rule configuration file for RoadRunner: 81 options available, 0 override(s) found
[14:10:19] [main/WARN]: Reference map 'hackforge.refmap.json' for creategears.mixins.json could not be read. If this is a development environment you can ignore this message
[14:10:19] [main/WARN]: Reference map 'creategearaddon.refmap.json' for creategearaddon.mixins.json could not be read. If this is a development environment you can ignore this message
[14:10:20] [main/INFO]: Patching ModelBakery#<init>
[14:10:20] [main/INFO]: Adding 'reach_set_server_entity_interact' ASM patch...
[14:10:20] [main/INFO]: Added 'reach_set_server_entity_interact' ASM patch!
[14:10:20] [main/INFO]: Patching net/minecraft/item/EnchantedBookItem
[14:10:20] [main/INFO]: Patching LivingEntity#attackEntityFrom
[14:10:20] [main/INFO]: Patching LivingEntity#blockUsingShield
[14:10:20] [main/INFO]: Patching LivingEntity#applyPotionDamageCalculations
[14:10:20] [main/INFO]: Patching FishingBobberEntity#catchingFish
[14:10:21] [main/INFO]: Patching CrossbowItem#onItemRightClick
[14:10:21] [main/INFO]: Patching CrossbowItem#fireProjectile
[14:10:21] [main/INFO]: Patching LivingEntity#attackEntityFrom
[14:10:21] [main/INFO]: Patching LivingEntity#blockUsingShield
[14:10:21] [main/INFO]: Patching LivingEntity#applyPotionDamageCalculations
[14:10:21] [main/INFO]: Patching RepairContainer#updateRepairOutput
[14:10:21] [main/INFO]: Successfully removed the anvil level cap.
[14:10:21] [main/INFO]: Patching RepairContainer#updateRepairOutput
[14:10:21] [main/INFO]: Successfully allowed nbt-unbreakable items in the anvil.
[14:10:21] [main/INFO]: Patching net/minecraft/inventory/container/RepairContainer
[14:10:21] [main/INFO]: Patching AnvilScreen#drawGuiContainerForegroundLayer
[14:10:21] [main/INFO]: Adding 'on_block_change' ASM patch...
[14:10:21] [main/INFO]: Added 'on_block_change' ASM patch!
[14:10:21] [main/WARN]: Force-disabling mixin 'ai.goal.GoalSelectorMixin' as rule 'mixin.ai' (added by user configuration) disables it and children
[14:10:21] [main/WARN]: Force-disabling mixin 'ai.nearby_entity_tracking.LivingEntityMixin' as rule 'mixin.ai' (added by user configuration) disables it and children
[14:10:21] [main/WARN]: Force-disabling mixin 'ai.nearby_entity_tracking.ServerWorldMixin' as rule 'mixin.ai' (added by user configuration) disables it and children
[14:10:21] [main/WARN]: Force-disabling mixin 'ai.nearby_entity_tracking.WorldChunkMixin' as rule 'mixin.ai' (added by user configuration) disables it and children
[14:10:21] [main/WARN]: Force-disabling mixin 'ai.nearby_entity_tracking.WorldMixin' as rule 'mixin.ai' (added by user configuration) disables it and children
[14:10:21] [main/WARN]: Force-disabling mixin 'ai.nearby_entity_tracking.goals.FleeEntityGoalMixin' as rule 'mixin.ai' (added by user configuration) disables it and children
[14:10:21] [main/WARN]: Force-disabling mixin 'ai.nearby_entity_tracking.goals.LookAtGoalMixin' as rule 'mixin.ai' (added by user configuration) disables it and children
[14:10:21] [main/WARN]: Force-disabling mixin 'ai.pathing.ChunkCacheMixin' as rule 'mixin.ai' (added by user configuration) disables it and children
[14:10:21] [main/WARN]: Force-disabling mixin 'ai.pathing.LandPathNodeMakerMixin' as rule 'mixin.ai' (added by user configuration) disables it and children
[14:10:21] [main/WARN]: Force-disabling mixin 'ai.pathing.MixinAbstractBlockState' as rule 'mixin.ai' (added by user configuration) disables it and children
[14:10:21] [main/WARN]: Force-disabling mixin 'ai.pathing.MixinBlock' as rule 'mixin.ai' (added by user configuration) disables it and children
[14:10:21] [main/WARN]: Force-disabling mixin 'ai.pathing.PathNodeNavigatorMixin' as rule 'mixin.ai' (added by user configuration) disables it and children
[14:10:21] [main/WARN]: Force-disabling mixin 'ai.poi.PointOfInterestStorageMixin' as rule 'mixin.ai' (added by user configuration) disables it and children
[14:10:21] [main/WARN]: Force-disabling mixin 'ai.poi.PointOfInterestSetMixin' as rule 'mixin.ai' (added by user configuration) disables it and children
[14:10:21] [main/WARN]: Force-disabling mixin 'ai.poi.PointOfInterestTypeMixin' as rule 'mixin.ai' (added by user configuration) disables it and children
[14:10:21] [main/WARN]: Force-disabling mixin 'ai.poi.SerializingRegionBasedStorageMixin' as rule 'mixin.ai' (added by user configuration) disables it and children
[14:10:21] [main/WARN]: Force-disabling mixin 'ai.poi.fast_portals.PortalForcerMixin' as rule 'mixin.ai' (added by user configuration) disables it and children
[14:10:21] [main/WARN]: Force-disabling mixin 'ai.raid.PickupBannerAsLeaderGoalMixin' as rule 'mixin.ai' (added by user configuration) disables it and children
[14:10:21] [main/WARN]: Force-disabling mixin 'ai.raid.RaidMixin' as rule 'mixin.ai' (added by user configuration) disables it and children
[14:10:21] [main/WARN]: Force-disabling mixin 'ai.task.CompositeTaskMixin' as rule 'mixin.ai' (added by user configuration) disables it and children
[14:10:21] [main/WARN]: Force-disabling mixin 'ai.task.FindInteractionTargetTaskMixin' as rule 'mixin.ai' (added by user configuration) disables it and children
[14:10:21] [main/WARN]: Force-disabling mixin 'ai.task.RunModeMixin$RunOneMixin' as rule 'mixin.ai' (added by user configuration) disables it and children
[14:10:21] [main/WARN]: Force-disabling mixin 'ai.task.RunModeMixin$TryAllMixin' as rule 'mixin.ai' (added by user configuration) disables it and children
[14:10:21] [main/WARN]: Force-disabling mixin 'ai.task.TaskMixin' as rule 'mixin.ai' (added by user configuration) disables it and children
[14:10:21] [main/WARN]: Force-disabling mixin 'ai.task.WeightedListMixin' as rule 'mixin.ai' (added by user configuration) disables it and children
[14:10:21] [main/WARN]: Force-disabling mixin 'ai.task.TaskAccessorMixin' as rule 'mixin.ai' (added by user configuration) disables it and children
[14:10:22] [main/ERROR]: No rules matched mixin 'client.world.MixinClientWorld', treating as foreign and disabling!
[14:10:22] [main/WARN]: Disabling MixinClientWorld due to conflict with AbnormalsCore
[14:10:22] [main/INFO]: Adding 'reach_set_client_renderer' ASM patch...
[14:10:22] [main/INFO]: Added 'reach_set_client_renderer' ASM patch!
[14:10:22] [main/WARN]: Error loading class: net/creeperhost/minetogether/module/connect/ConnectModule (java.lang.ClassNotFoundException: null)
[14:10:22] [main/WARN]: @Mixin target net.creeperhost.minetogether.module.connect.ConnectModule was not found gamemenumodoption.mixins.json:ConnectModuleMixin
[14:10:22] [main/INFO]: Patching ItemStack#onItemUse
[14:10:23] [main/INFO]: Patching DataPackRegistries#<init>
[14:10:23] [main/INFO]: Patching LootTableManager#apply
[14:10:23] [main/INFO]: Patching EnchantmentHelper#getEnchantmentModifierDamage
[14:10:23] [main/INFO]: Patching EnchantmentHelper#getModifierForCreature
[14:10:23] [main/INFO]: Patching EnchantmentHelper#applyThornEnchantments
[14:10:23] [main/INFO]: Patching EnchantmentHelper#applyArthropodEnchantments
[14:10:23] [main/INFO]: Patching buildEnchantmentList for the Enchantability affix.
[14:10:23] [main/INFO]: Patching EnchantmentHelper#getEnchantmentDatas
[14:10:24] [main/INFO]: Patching TemptGoal#isTempting
[14:10:24] [main/WARN]: Error loading class: com/brandon3055/csg/ModEventHandler (java.lang.ClassNotFoundException: null)
[14:10:25] [pool-3-thread-1/WARN]: Method overwrite conflict for func_208062_a in roadrunner.mixins.json:shapes.blockstate_cache.BlockMixin, previously written by me.jellysquid.mods.sodium.mixin.shapes.blockstate_cache.BlockMixin. Skipping method.
[14:10:25] [pool-3-thread-1/INFO]: Mixing MixinEnchantment from assets/enigmaticlegacy/enigmaticlegacy.mixins.json into net.minecraft.enchantment.Enchantment
[14:10:25] [pool-3-thread-1/WARN]: @Redirect conflict. Skipping roadrunner.mixins.json:gen.features.StructureFeatureMixin->@Redirect::biomeConditionalGetChunk(Lnet/minecraft/world/IWorldReader;IILnet/minecraft/world/chunk/ChunkStatus;)Lnet/minecraft/world/chunk/IChunk; with priority 1000, already redirected by sodium.mixins.json:gen.features.StructureFeatureMixin->@Redirect::biomeConditionalGetChunk(Lnet/minecraft/world/IWorldReader;IILnet/minecraft/world/chunk/ChunkStatus;)Lnet/minecraft/world/chunk/IChunk; with priority 1000
[14:10:25] [pool-3-thread-1/WARN]: @Redirect conflict. Skipping roadrunner.mixins.json:gen.features.StructureFeatureMixin->@Redirect::checkForNull(Lnet/minecraft/world/chunk/IChunk;)Lnet/minecraft/util/math/ChunkPos; with priority 1000, already redirected by sodium.mixins.json:gen.features.StructureFeatureMixin->@Redirect::checkForNull(Lnet/minecraft/world/chunk/IChunk;)Lnet/minecraft/util/math/ChunkPos; with priority 1000
[14:10:25] [pool-3-thread-1/WARN]: @Redirect conflict. Skipping roadrunner.mixins.json:gen.features.StructureFeatureMixin->@Redirect::checkChunkBeforeGetStructureStart(Lnet/minecraft/world/gen/feature/structure/StructureManager;Lnet/minecraft/util/math/SectionPos;Lnet/minecraft/world/gen/feature/structure/Structure;Lnet/minecraft/world/IStructureReader;)Lnet/minecraft/world/gen/feature/structure/StructureStart; with priority 1000, already redirected by sodium.mixins.json:gen.features.StructureFeatureMixin->@Redirect::checkChunkBeforeGetStructureStart(Lnet/minecraft/world/gen/feature/structure/StructureManager;Lnet/minecraft/util/math/SectionPos;Lnet/minecraft/world/gen/feature/structure/Structure;Lnet/minecraft/world/IStructureReader;)Lnet/minecraft/world/gen/feature/structure/StructureStart; with priority 1000
[14:10:25] [main/INFO]: [java.lang.ThreadGroup:uncaughtException:1052]: java.lang.RuntimeException: java.lang.reflect.InvocationTargetException
[14:10:25] [main/INFO]: [java.lang.ThreadGroup:uncaughtException:1052]: 	at cpw.mods.modlauncher.LaunchServiceHandlerDecorator.launch(LaunchServiceHandlerDecorator.java:39)
[14:10:25] [main/INFO]: [java.lang.ThreadGroup:uncaughtException:1052]: 	at cpw.mods.modlauncher.LaunchServiceHandler.launch(LaunchServiceHandler.java:54)
[14:10:25] [main/INFO]: [java.lang.ThreadGroup:uncaughtException:1052]: 	at cpw.mods.modlauncher.LaunchServiceHandler.launch(LaunchServiceHandler.java:72)
[14:10:25] [main/INFO]: [java.lang.ThreadGroup:uncaughtException:1052]: 	at cpw.mods.modlauncher.Launcher.run(Launcher.java:82)
[14:10:25] [main/INFO]: [java.lang.ThreadGroup:uncaughtException:1052]: 	at cpw.mods.modlauncher.Launcher.main(Launcher.java:66)
[14:10:25] [main/INFO]: [java.lang.ThreadGroup:uncaughtException:1061]: Caused by: java.lang.reflect.InvocationTargetException
[14:10:25] [main/INFO]: [java.lang.ThreadGroup:uncaughtException:1061]: 	at sun.reflect.NativeMethodAccessorImpl.invoke0(Native Method)
[14:10:25] [main/INFO]: [java.lang.ThreadGroup:uncaughtException:1061]: 	at sun.reflect.NativeMethodAccessorImpl.invoke(NativeMethodAccessorImpl.java:62)
[14:10:25] [main/INFO]: [java.lang.ThreadGroup:uncaughtException:1061]: 	at sun.reflect.DelegatingMethodAccessorImpl.invoke(DelegatingMethodAccessorImpl.java:43)
[14:10:25] [main/INFO]: [java.lang.ThreadGroup:uncaughtException:1061]: 	at java.lang.reflect.Method.invoke(Method.java:497)
[14:10:25] [main/INFO]: [java.lang.ThreadGroup:uncaughtException:1061]: 	at net.minecraftforge.fml.loading.FMLClientLaunchProvider.lambda$launchService$0(FMLClientLaunchProvider.java:51)
[14:10:25] [main/INFO]: [java.lang.ThreadGroup:uncaughtException:1061]: 	at net.minecraftforge.fml.loading.FMLClientLaunchProvider$$Lambda$495/407757655.call(Unknown Source)
[14:10:25] [main/INFO]: [java.lang.ThreadGroup:uncaughtException:1061]: 	at cpw.mods.modlauncher.LaunchServiceHandlerDecorator.launch(LaunchServiceHandlerDecorator.java:37)
[14:10:25] [main/INFO]: [java.lang.ThreadGroup:uncaughtException:1061]: 	... 4 more
[14:10:25] [main/INFO]: [java.lang.Throwable:printStackTrace:643]: Caused by: java.lang.RuntimeException: org.spongepowered.asm.mixin.transformer.throwables.MixinTransformerError: An unexpected critical error was encountered
[14:10:25] [main/INFO]: [java.lang.Throwable:printStackTrace:643]: 	at net.minecraftforge.fml.loading.BackgroundWaiter.runAndTick(BackgroundWaiter.java:43)
[14:10:25] [main/INFO]: [java.lang.Throwable:printStackTrace:643]: 	at net.minecraft.client.main.Main.main(Main.java:123)
[14:10:25] [main/INFO]: [java.lang.Throwable:printStackTrace:643]: 	... 11 more
[14:10:25] [main/INFO]: [java.lang.Throwable:printStackTrace:667]: Caused by: org.spongepowered.asm.mixin.transformer.throwables.MixinTransformerError: An unexpected critical error was encountered
[14:10:25] [main/INFO]: [java.lang.Throwable:printStackTrace:667]: 	at org.spongepowered.asm.mixin.transformer.MixinProcessor.applyMixins(MixinProcessor.java:392)
[14:10:25] [main/INFO]: [java.lang.Throwable:printStackTrace:667]: 	at org.spongepowered.asm.mixin.transformer.MixinTransformer.transformClass(MixinTransformer.java:250)
[14:10:25] [main/INFO]: [java.lang.Throwable:printStackTrace:667]: 	at org.spongepowered.asm.service.modlauncher.MixinTransformationHandler.processClass(MixinTransformationHandler.java:131)
[14:10:25] [main/INFO]: [java.lang.Throwable:printStackTrace:667]: 	at org.spongepowered.asm.launch.MixinLaunchPluginLegacy.processClass(MixinLaunchPluginLegacy.java:131)
[14:10:25] [main/INFO]: [java.lang.Throwable:printStackTrace:667]: 	at cpw.mods.modlauncher.serviceapi.ILaunchPluginService.processClassWithFlags(ILaunchPluginService.java:154)
[14:10:25] [main/INFO]: [java.lang.Throwable:printStackTrace:667]: 	at cpw.mods.modlauncher.LaunchPluginHandler.offerClassNodeToPlugins(LaunchPluginHandler.java:85)
[14:10:25] [main/INFO]: [java.lang.Throwable:printStackTrace:667]: 	at cpw.mods.modlauncher.ClassTransformer.transform(ClassTransformer.java:120)
[14:10:25] [main/INFO]: [java.lang.Throwable:printStackTrace:667]: 	at cpw.mods.modlauncher.TransformingClassLoader$DelegatedClassLoader.findClass(TransformingClassLoader.java:265)
[14:10:25] [main/INFO]: [java.lang.Throwable:printStackTrace:667]: 	at cpw.mods.modlauncher.TransformingClassLoader.loadClass(TransformingClassLoader.java:136)
[14:10:25] [main/INFO]: [java.lang.Throwable:printStackTrace:667]: 	at cpw.mods.modlauncher.TransformingClassLoader.loadClass(TransformingClassLoader.java:98)
[14:10:25] [main/INFO]: [java.lang.Throwable:printStackTrace:667]: 	at java.lang.ClassLoader.loadClass(ClassLoader.java:357)
[14:10:25] [main/INFO]: [java.lang.Throwable:printStackTrace:667]: 	at net.minecraftforge.registries.GameData.init(GameData.java:178)
[14:10:25] [main/INFO]: [java.lang.Throwable:printStackTrace:667]: 	at net.minecraftforge.registries.GameData.<clinit>(GameData.java:132)
[14:10:25] [main/INFO]: [java.lang.Throwable:printStackTrace:667]: 	at net.minecraft.util.registry.Registry.forge(Registry.java:347)
[14:10:25] [main/INFO]: [java.lang.Throwable:printStackTrace:667]: 	at net.minecraft.util.registry.Registry.forge(Registry.java:331)
[14:10:25] [main/INFO]: [java.lang.Throwable:printStackTrace:667]: 	at net.minecraft.util.registry.Registry.<clinit>(Registry.java:140)
[14:10:25] [main/INFO]: [java.lang.Throwable:printStackTrace:667]: 	at net.minecraft.util.registry.Bootstrap.func_151354_b(Bootstrap.java:38)
[14:10:25] [main/INFO]: [java.lang.Throwable:printStackTrace:667]: 	at net.minecraft.client.main.Main.lambda$main$0(Main.java:123)
[14:10:25] [main/INFO]: [java.lang.Throwable:printStackTrace:667]: 	at net.minecraft.client.main.Main$$Lambda$638/1888591894.run(Unknown Source)
[14:10:25] [main/INFO]: [java.lang.Throwable:printStackTrace:667]: 	at java.util.concurrent.Executors$RunnableAdapter.call(Executors.java:511)
[14:10:25] [main/INFO]: [java.lang.Throwable:printStackTrace:667]: 	at java.util.concurrent.FutureTask.run(FutureTask.java:266)
[14:10:25] [main/INFO]: [java.lang.Throwable:printStackTrace:667]: 	at java.util.concurrent.ThreadPoolExecutor.runWorker(ThreadPoolExecutor.java:1142)
[14:10:25] [main/INFO]: [java.lang.Throwable:printStackTrace:667]: 	at java.util.concurrent.ThreadPoolExecutor$Worker.run(ThreadPoolExecutor.java:617)
[14:10:25] [main/INFO]: [java.lang.Throwable:printStackTrace:667]: 	at java.lang.Thread.run(Thread.java:745)
[14:10:25] [main/INFO]: [java.lang.Throwable:printEnclosedStackTrace:709]: Caused by: org.spongepowered.asm.mixin.injection.throwables.InjectionError: Critical injection failure: Redirector biomeConditionalGetChunk(Lnet/minecraft/world/IWorldReader;IILnet/minecraft/world/chunk/ChunkStatus;)Lnet/minecraft/world/chunk/IChunk; in roadrunner.mixins.json:gen.features.StructureFeatureMixin failed injection check, (0/1) succeeded. Scanned 1 target(s). Using refmap RoadRunner-mc1.16.5-refmap.json
[14:10:25] [main/INFO]: [java.lang.Throwable:printEnclosedStackTrace:709]: 	at org.spongepowered.asm.mixin.injection.struct.InjectionInfo.postInject(InjectionInfo.java:468)
[14:10:25] [main/INFO]: [java.lang.Throwable:printEnclosedStackTrace:709]: 	at org.spongepowered.asm.mixin.transformer.MixinTargetContext.applyInjections(MixinTargetContext.java:1362)
[14:10:25] [main/INFO]: [java.lang.Throwable:printEnclosedStackTrace:709]: 	at org.spongepowered.asm.mixin.transformer.MixinApplicatorStandard.applyInjections(MixinApplicatorStandard.java:1051)
[14:10:25] [main/INFO]: [java.lang.Throwable:printEnclosedStackTrace:709]: 	at org.spongepowered.asm.mixin.transformer.MixinApplicatorStandard.applyMixin(MixinApplicatorStandard.java:400)
[14:10:25] [main/INFO]: [java.lang.Throwable:printEnclosedStackTrace:709]: 	at org.spongepowered.asm.mixin.transformer.MixinApplicatorStandard.apply(MixinApplicatorStandard.java:325)
[14:10:25] [main/INFO]: [java.lang.Throwable:printEnclosedStackTrace:709]: 	at org.spongepowered.asm.mixin.transformer.TargetClassContext.apply(TargetClassContext.java:383)
[14:10:25] [main/INFO]: [java.lang.Throwable:printEnclosedStackTrace:709]: 	at org.spongepowered.asm.mixin.transformer.TargetClassContext.applyMixins(TargetClassContext.java:365)
[14:10:25] [main/INFO]: [java.lang.Throwable:printEnclosedStackTrace:709]: 	at org.spongepowered.asm.mixin.transformer.MixinProcessor.applyMixins(MixinProcessor.java:363)
[14:10:25] [main/INFO]: [java.lang.Throwable:printEnclosedStackTrace:709]: 	... 23 more
